<?xml version="1.0" encoding="UTF-8"?>
<!-- Generated by org.testng.reporters.JUnitReportReporter -->
<testsuite hostname="LAPTOP-MCN4AD6H" failures="0" tests="1" name="testCases.TC001_AccountRegisrationTest" time="3.085" errors="0" timestamp="2024-11-06T22:26:53 IST" skipped="0">
  <testcase classname="testCases.TC001_AccountRegisrationTest" name="verify_account_registration" time="3.085"/>
</testsuite> <!-- testCases.TC001_AccountRegisrationTest -->
